<?xml version="1.0" encoding="UTF-8"?>
<testng-results skipped="0" failed="0" ignored="0" total="2" passed="2">
  <reporter-output>
  </reporter-output>
  <suite name="Suite" duration-ms="35276" started-at="2018-05-29T02:11:07Z" finished-at="2018-05-29T02:11:43Z">
    <groups>
    </groups>
    <test name="Test" duration-ms="35276" started-at="2018-05-29T02:11:07Z" finished-at="2018-05-29T02:11:43Z">
      <class name="rose.RediffLoginTest">
        <test-method status="PASS" signature="dologintest()[pri:0, instance:rose.RediffLoginTest@668bc3d5]" name="dologintest" duration-ms="13588" started-at="2018-05-29T02:11:07Z" finished-at="2018-05-29T02:11:21Z">
          <reporter-output>
          </reporter-output>
        </test-method> <!-- dologintest -->
        <test-method status="PASS" signature="fblogin()[pri:0, instance:rose.RediffLoginTest@668bc3d5]" name="fblogin" duration-ms="21665" started-at="2018-05-29T02:11:21Z" finished-at="2018-05-29T02:11:43Z">
          <reporter-output>
          </reporter-output>
        </test-method> <!-- fblogin -->
      </class> <!-- rose.RediffLoginTest -->
    </test> <!-- Test -->
  </suite> <!-- Suite -->
</testng-results>
