<?xml version="1.0" encoding="UTF-8"?>
<!-- Generated by org.testng.reporters.JUnitXMLReporter -->
<testsuite hostname="DESKTOP-INQUNRP" ignored="0" name="Surefire test" tests="5" failures="0" timestamp="28 May 2018 23:13:34 GMT" time="44.927" errors="0">
  <testcase name="exam" time="0.0" classname="fb.AbcTest"/>
  <testcase name="facebooklogin" time="10.125" classname="fb.AbcTest"/>
  <testcase name="dologintest" time="11.533" classname="matrics.RediffLoginTest"/>
  <testcase name="fblogin" time="23.238" classname="matrics.RediffLoginTest"/>
  <testcase name="seleniumTest" time="0.0" classname="usps.XyzTest"/>
</testsuite> <!-- Surefire test -->
