<?xml version="1.0" encoding="UTF-8"?>
<testng-results skipped="0" failed="0" ignored="0" total="5" passed="5">
  <reporter-output>
  </reporter-output>
  <suite name="Surefire suite" duration-ms="44927" started-at="2018-05-28T23:12:49Z" finished-at="2018-05-28T23:13:34Z">
    <groups>
    </groups>
    <test name="Surefire test" duration-ms="44927" started-at="2018-05-28T23:12:49Z" finished-at="2018-05-28T23:13:34Z">
      <class name="usps.XyzTest">
        <test-method status="PASS" signature="seleniumTest()[pri:0, instance:usps.XyzTest@1a407d53]" name="seleniumTest" duration-ms="0" started-at="2018-05-28T23:13:34Z" finished-at="2018-05-28T23:13:34Z">
          <reporter-output>
          </reporter-output>
        </test-method> <!-- seleniumTest -->
      </class> <!-- usps.XyzTest -->
      <class name="fb.AbcTest">
        <test-method status="PASS" signature="facebooklogin()[pri:0, instance:fb.AbcTest@22f71333]" name="facebooklogin" duration-ms="10125" started-at="2018-05-28T23:12:49Z" finished-at="2018-05-28T23:12:59Z">
          <reporter-output>
          </reporter-output>
        </test-method> <!-- facebooklogin -->
        <test-method status="PASS" signature="exam()[pri:0, instance:fb.AbcTest@22f71333]" name="exam" duration-ms="0" started-at="2018-05-28T23:12:49Z" finished-at="2018-05-28T23:12:49Z">
          <reporter-output>
          </reporter-output>
        </test-method> <!-- exam -->
      </class> <!-- fb.AbcTest -->
      <class name="matrics.RediffLoginTest">
        <test-method status="PASS" signature="dologintest()[pri:0, instance:matrics.RediffLoginTest@3498ed]" name="dologintest" duration-ms="11533" started-at="2018-05-28T23:12:59Z" finished-at="2018-05-28T23:13:10Z">
          <reporter-output>
          </reporter-output>
        </test-method> <!-- dologintest -->
        <test-method status="PASS" signature="fblogin()[pri:0, instance:matrics.RediffLoginTest@3498ed]" name="fblogin" duration-ms="23238" started-at="2018-05-28T23:13:10Z" finished-at="2018-05-28T23:13:34Z">
          <reporter-output>
          </reporter-output>
        </test-method> <!-- fblogin -->
      </class> <!-- matrics.RediffLoginTest -->
    </test> <!-- Surefire test -->
  </suite> <!-- Surefire suite -->
</testng-results>
