<?xml version="1.0" encoding="UTF-8"?>
<testng-results skipped="0" failed="0" ignored="0" total="1" passed="1">
  <reporter-output>
  </reporter-output>
  <suite name="Default suite" duration-ms="54" started-at="2018-05-28T22:08:06Z" finished-at="2018-05-28T22:08:07Z">
    <groups>
    </groups>
    <test name="Default test" duration-ms="54" started-at="2018-05-28T22:08:06Z" finished-at="2018-05-28T22:08:07Z">
      <class name="fb.Check">
        <test-method status="PASS" signature="exam()[pri:0, instance:fb.Check@5dfcfece]" name="exam" duration-ms="9" started-at="2018-05-28T22:08:07Z" finished-at="2018-05-28T22:08:07Z">
          <reporter-output>
          </reporter-output>
        </test-method> <!-- exam -->
      </class> <!-- fb.Check -->
    </test> <!-- Default test -->
  </suite> <!-- Default suite -->
</testng-results>
